0 info it worked if it ends with ok
1 verbose cli [ '/usr/bin/node', '/usr/bin/npm', 'install', '-g', 'node@latest' ]
2 info using npm@3.5.2
3 info using node@v8.10.0
4 silly loadCurrentTree Starting
5 silly install loadCurrentTree
6 silly install readGlobalPackageData
7 silly fetchPackageMetaData node@latest
8 silly fetchNamedPackageData node
9 silly mapToRegistry name node
10 silly mapToRegistry using default registry
11 silly mapToRegistry registry https://registry.npmjs.org/
12 silly mapToRegistry uri https://registry.npmjs.org/node
13 verbose request uri https://registry.npmjs.org/node
14 verbose request no auth needed
15 info attempt registry request try #1 at 11:43:47 PM
16 verbose request id 16f1f2bdc5d9cd16
17 verbose etag W/"83946c2b177e5e3e85e46c99d3370909"
18 verbose lastModified Thu, 21 Nov 2024 00:33:58 GMT
19 http request GET https://registry.npmjs.org/node
20 http 304 https://registry.npmjs.org/node
21 verbose headers { date: 'Mon, 02 Dec 2024 23:43:47 GMT',
21 verbose headers   connection: 'keep-alive',
21 verbose headers   'cf-ray': '8ebf2e61df455b3b-IAD',
21 verbose headers   'cf-cache-status': 'HIT',
21 verbose headers   'access-control-allow-origin': '*',
21 verbose headers   age: '2',
21 verbose headers   'cache-control': 'public, max-age=300',
21 verbose headers   etag: '"83946c2b177e5e3e85e46c99d3370909"',
21 verbose headers   'last-modified': 'Thu, 21 Nov 2024 00:33:58 GMT',
21 verbose headers   vary: 'Accept-Encoding',
21 verbose headers   server: 'cloudflare' }
22 silly get cb [ 304,
22 silly get   { date: 'Mon, 02 Dec 2024 23:43:47 GMT',
22 silly get     connection: 'keep-alive',
22 silly get     'cf-ray': '8ebf2e61df455b3b-IAD',
22 silly get     'cf-cache-status': 'HIT',
22 silly get     'access-control-allow-origin': '*',
22 silly get     age: '2',
22 silly get     'cache-control': 'public, max-age=300',
22 silly get     etag: '"83946c2b177e5e3e85e46c99d3370909"',
22 silly get     'last-modified': 'Thu, 21 Nov 2024 00:33:58 GMT',
22 silly get     vary: 'Accept-Encoding',
22 silly get     server: 'cloudflare' } ]
23 verbose etag https://registry.npmjs.org/node from cache
24 verbose get saving node to /root/.npm/registry.npmjs.org/node/.cache.json
25 silly install normalizeTree
26 silly loadCurrentTree Finishing
27 silly loadIdealTree Starting
28 silly install loadIdealTree
29 silly cloneCurrentTree Starting
30 silly install cloneCurrentTreeToIdealTree
31 silly cloneCurrentTree Finishing
32 silly loadShrinkwrap Starting
33 silly install loadShrinkwrap
34 silly loadShrinkwrap Finishing
35 silly loadAllDepsIntoIdealTree Starting
36 silly install loadAllDepsIntoIdealTree
37 silly resolveWithNewModule node@20.18.1 checking installable status
38 silly cache add args [ 'node@latest', null ]
39 verbose cache add spec node@latest
40 silly cache add parsed spec Result {
40 silly cache add   raw: 'node@latest',
40 silly cache add   scope: null,
40 silly cache add   name: 'node',
40 silly cache add   rawSpec: 'latest',
40 silly cache add   spec: 'latest',
40 silly cache add   type: 'tag' }
41 silly addNamed node@latest
42 verbose addNamed "latest" is being treated as a dist-tag for node
43 info addNameTag [ 'node', 'latest' ]
44 silly mapToRegistry name node
45 silly mapToRegistry using default registry
46 silly mapToRegistry registry https://registry.npmjs.org/
47 silly mapToRegistry uri https://registry.npmjs.org/node
48 verbose addNameTag registry:https://registry.npmjs.org/node not in flight; fetching
49 verbose get https://registry.npmjs.org/node not expired, no request
50 silly addNameTag next cb for node with tag latest
51 silly addNamed node@20.18.1
52 verbose addNamed "20.18.1" is a plain semver version for node
53 silly cache afterAdd node@20.18.1
54 verbose afterAdd /root/.npm/node/20.18.1/package/package.json not in flight; writing
55 verbose afterAdd /root/.npm/node/20.18.1/package/package.json written
56 silly fetchNamedPackageData node-bin-setup
57 silly mapToRegistry name node-bin-setup
58 silly mapToRegistry using default registry
59 silly mapToRegistry registry https://registry.npmjs.org/
60 silly mapToRegistry uri https://registry.npmjs.org/node-bin-setup
61 verbose request uri https://registry.npmjs.org/node-bin-setup
62 verbose request no auth needed
63 info attempt registry request try #1 at 11:43:48 PM
64 verbose etag W/"67f10d7a17cb1d436d86a0b4492f9e5f"
65 verbose lastModified Tue, 04 Oct 2022 03:46:18 GMT
66 http request GET https://registry.npmjs.org/node-bin-setup
67 http 304 https://registry.npmjs.org/node-bin-setup
68 verbose headers { date: 'Mon, 02 Dec 2024 23:43:49 GMT',
68 verbose headers   connection: 'keep-alive',
68 verbose headers   'cf-ray': '8ebf2e6b390f5b3b-IAD',
68 verbose headers   'cf-cache-status': 'HIT',
68 verbose headers   'access-control-allow-origin': '*',
68 verbose headers   age: '106',
68 verbose headers   'cache-control': 'public, max-age=300',
68 verbose headers   etag: '"67f10d7a17cb1d436d86a0b4492f9e5f"',
68 verbose headers   'last-modified': 'Tue, 04 Oct 2022 03:46:18 GMT',
68 verbose headers   vary: 'Accept-Encoding',
68 verbose headers   server: 'cloudflare' }
69 silly get cb [ 304,
69 silly get   { date: 'Mon, 02 Dec 2024 23:43:49 GMT',
69 silly get     connection: 'keep-alive',
69 silly get     'cf-ray': '8ebf2e6b390f5b3b-IAD',
69 silly get     'cf-cache-status': 'HIT',
69 silly get     'access-control-allow-origin': '*',
69 silly get     age: '106',
69 silly get     'cache-control': 'public, max-age=300',
69 silly get     etag: '"67f10d7a17cb1d436d86a0b4492f9e5f"',
69 silly get     'last-modified': 'Tue, 04 Oct 2022 03:46:18 GMT',
69 silly get     vary: 'Accept-Encoding',
69 silly get     server: 'cloudflare' } ]
70 verbose etag https://registry.npmjs.org/node-bin-setup from cache
71 verbose get saving node-bin-setup to /root/.npm/registry.npmjs.org/node-bin-setup/.cache.json
72 silly resolveWithNewModule node-bin-setup@1.1.3 checking installable status
73 silly cache add args [ 'node-bin-setup@^1.0.0', null ]
74 verbose cache add spec node-bin-setup@^1.0.0
75 silly cache add parsed spec Result {
75 silly cache add   raw: 'node-bin-setup@^1.0.0',
75 silly cache add   scope: null,
75 silly cache add   name: 'node-bin-setup',
75 silly cache add   rawSpec: '^1.0.0',
75 silly cache add   spec: '>=1.0.0 <2.0.0',
75 silly cache add   type: 'range' }
76 silly addNamed node-bin-setup@>=1.0.0 <2.0.0
77 verbose addNamed ">=1.0.0 <2.0.0" is a valid semver range for node-bin-setup
78 silly addNameRange { name: 'node-bin-setup',
78 silly addNameRange   range: '>=1.0.0 <2.0.0',
78 silly addNameRange   hasData: false }
79 silly mapToRegistry name node-bin-setup
80 silly mapToRegistry using default registry
81 silly mapToRegistry registry https://registry.npmjs.org/
82 silly mapToRegistry uri https://registry.npmjs.org/node-bin-setup
83 verbose addNameRange registry:https://registry.npmjs.org/node-bin-setup not in flight; fetching
84 verbose get https://registry.npmjs.org/node-bin-setup not expired, no request
85 silly addNameRange number 2 { name: 'node-bin-setup',
85 silly addNameRange   range: '>=1.0.0 <2.0.0',
85 silly addNameRange   hasData: true }
86 silly addNameRange versions [ 'node-bin-setup',
86 silly addNameRange   [ '1.0.0',
86 silly addNameRange     '1.0.1',
86 silly addNameRange     '1.0.2',
86 silly addNameRange     '1.0.3',
86 silly addNameRange     '1.0.4',
86 silly addNameRange     '1.0.6',
86 silly addNameRange     '1.1.0',
86 silly addNameRange     '1.1.1',
86 silly addNameRange     '1.1.2',
86 silly addNameRange     '1.1.3' ] ]
87 silly addNamed node-bin-setup@1.1.3
88 verbose addNamed "1.1.3" is a plain semver version for node-bin-setup
89 silly cache afterAdd node-bin-setup@1.1.3
90 verbose afterAdd /root/.npm/node-bin-setup/1.1.3/package/package.json not in flight; writing
91 verbose afterAdd /root/.npm/node-bin-setup/1.1.3/package/package.json written
92 silly loadAllDepsIntoIdealTree Finishing
93 silly idealTree:prePrune lib
93 silly idealTree:prePrune └─┬ node@20.18.1
93 silly idealTree:prePrune   └── node-bin-setup@1.1.3
94 silly loadIdealTree Finishing
95 silly currentTree lib
96 silly idealTree lib
96 silly idealTree └─┬ node@20.18.1
96 silly idealTree   └── node-bin-setup@1.1.3
97 silly generateActionsToTake Starting
98 silly install generateActionsToTake
99 silly generateActionsToTake Finishing
100 silly diffTrees action count 2
101 silly diffTrees add node-bin-setup@1.1.3
102 silly diffTrees add node@20.18.1
103 silly decomposeActions action count 16
104 silly decomposeActions fetch node-bin-setup@1.1.3
105 silly decomposeActions extract node-bin-setup@1.1.3
106 silly decomposeActions test node-bin-setup@1.1.3
107 silly decomposeActions preinstall node-bin-setup@1.1.3
108 silly decomposeActions build node-bin-setup@1.1.3
109 silly decomposeActions install node-bin-setup@1.1.3
110 silly decomposeActions postinstall node-bin-setup@1.1.3
111 silly decomposeActions finalize node-bin-setup@1.1.3
112 silly decomposeActions fetch node@20.18.1
113 silly decomposeActions extract node@20.18.1
114 silly decomposeActions test node@20.18.1
115 silly decomposeActions preinstall node@20.18.1
116 silly decomposeActions build node@20.18.1
117 silly decomposeActions install node@20.18.1
118 silly decomposeActions postinstall node@20.18.1
119 silly decomposeActions finalize node@20.18.1
120 silly executeActions Starting
121 silly install executeActions
122 silly doSerial global-install 0
123 silly doParallel fetch 2
124 verbose lock using /root/.npm/_locks/staging-3a08f0df5026584d.lock for /usr/local/lib/node_modules/.staging
125 silly doParallel extract 2
126 silly extract node-bin-setup@1.1.3
127 silly extract node@20.18.1
128 verbose unbuild lib/node_modules/.staging/node-bin-setup-e96ff650
129 verbose unbuild lib/node_modules/.staging/node-120c5c5f
130 silly gentlyRm /usr/local/lib/node_modules/.staging/node-bin-setup-e96ff650 is being purged from base /usr/local
131 verbose gentlyRm don't care about contents; nuking /usr/local/lib/node_modules/.staging/node-bin-setup-e96ff650
132 verbose tar unpack /root/.npm/node-bin-setup/1.1.3/package.tgz
133 verbose tar unpacking to /usr/local/lib/node_modules/.staging/node-bin-setup-e96ff650
134 silly gentlyRm /usr/local/lib/node_modules/.staging/node-bin-setup-e96ff650 is being purged
135 verbose gentlyRm don't care about contents; nuking /usr/local/lib/node_modules/.staging/node-bin-setup-e96ff650
136 silly gentlyRm /usr/local/lib/node_modules/.staging/node-120c5c5f is being purged from base /usr/local
137 verbose gentlyRm don't care about contents; nuking /usr/local/lib/node_modules/.staging/node-120c5c5f
138 silly gunzTarPerm modes [ '755', '644' ]
139 verbose tar unpack /root/.npm/node/20.18.1/package.tgz
140 verbose tar unpacking to /usr/local/lib/node_modules/.staging/node-120c5c5f
141 silly gentlyRm /usr/local/lib/node_modules/.staging/node-120c5c5f is being purged
142 verbose gentlyRm don't care about contents; nuking /usr/local/lib/node_modules/.staging/node-120c5c5f
143 silly gunzTarPerm modes [ '755', '644' ]
144 silly gunzTarPerm extractEntry index.js
145 silly gunzTarPerm extractEntry installArchSpecificPackage.js
146 silly gunzTarPerm extractEntry package.json
147 silly gunzTarPerm extractEntry .github/dependabot.yml
148 silly gunzTarPerm extractEntry package.json
149 silly gunzTarPerm extractEntry README.md
150 silly gentlyRm /usr/local/lib/node_modules/.staging/node-bin-setup-e96ff650/node_modules is being purged
151 verbose gentlyRm don't care about contents; nuking /usr/local/lib/node_modules/.staging/node-bin-setup-e96ff650/node_modules
152 silly gentlyRm /usr/local/lib/node_modules/.staging/node-120c5c5f/node_modules is being purged
153 verbose gentlyRm don't care about contents; nuking /usr/local/lib/node_modules/.staging/node-120c5c5f/node_modules
154 silly doParallel preinstall 2
155 silly preinstall node-bin-setup@1.1.3 /usr/local/lib/node_modules/.staging/node-bin-setup-e96ff650
156 info lifecycle node-bin-setup@1.1.3~preinstall: node-bin-setup@1.1.3
157 silly preinstall node@20.18.1 /usr/local/lib/node_modules/.staging/node-120c5c5f
158 info lifecycle node@20.18.1~preinstall: node@20.18.1
159 silly lifecycle node-bin-setup@1.1.3~preinstall: no script for preinstall, continuing
160 warn lifecycle node@20.18.1~preinstall: cannot run in wd %s %s (wd=%s) node@20.18.1 node installArchSpecificPackage /usr/local/lib/node_modules/.staging/node-120c5c5f
161 silly doReverseSerial remove 0
162 silly doSerial move 0
163 silly doSerial finalize 2
164 silly finalize /usr/local/lib/node_modules/node/node_modules/node-bin-setup
165 silly finalize /usr/local/lib/node_modules/node
166 silly doSerial build 2
167 silly build node-bin-setup@1.1.3
168 info linkStuff node-bin-setup@1.1.3
169 silly linkStuff node-bin-setup@1.1.3 has /usr/local/lib/node_modules/node/node_modules as its parent node_modules
170 silly linkStuff node-bin-setup@1.1.3 is part of a global install
171 silly linkStuff node-bin-setup@1.1.3 is installed into a global node_modules
172 verbose linkBins node-bin-setup@1.1.3
173 verbose linkMans node-bin-setup@1.1.3
174 silly build node@20.18.1
175 info linkStuff node@20.18.1
176 silly linkStuff node@20.18.1 has /usr/local/lib/node_modules as its parent node_modules
177 silly linkStuff node@20.18.1 is part of a global install
178 silly linkStuff node@20.18.1 is installed into a global node_modules
179 silly linkStuff node@20.18.1 is installed into the top-level global node_modules
180 verbose linkBins node@20.18.1
181 verbose link bins [ { node: 'bin/node' }, '/usr/local/bin', true ]
182 verbose linkMans node@20.18.1
183 verbose unlock done using /root/.npm/_locks/staging-3a08f0df5026584d.lock for /usr/local/lib/node_modules/.staging
184 silly rollbackFailedOptional Starting
185 silly rollbackFailedOptional Finishing
186 silly runTopLevelLifecycles Starting
187 silly runTopLevelLifecycles Finishing
188 silly install printInstalled
189 verbose stack Error: ENOENT: no such file or directory, chmod '/usr/local/lib/node_modules/node/bin/node'
190 verbose cwd /alx-backend/0x03-queuing_system_in_js
191 error Linux 5.3.0-1032-aws
192 error argv "/usr/bin/node" "/usr/bin/npm" "install" "-g" "node@latest"
193 error node v8.10.0
194 error npm  v3.5.2
195 error path /usr/local/lib/node_modules/node/bin/node
196 error code ENOENT
197 error errno -2
198 error syscall chmod
199 error enoent ENOENT: no such file or directory, chmod '/usr/local/lib/node_modules/node/bin/node'
200 error enoent ENOENT: no such file or directory, chmod '/usr/local/lib/node_modules/node/bin/node'
200 error enoent This is most likely not a problem with npm itself
200 error enoent and is related to npm not being able to find a file.
201 verbose exit [ -2, true ]
